[15Apr2025 00:10:10.916] [Server thread/INFO] [net.minecraft.server.dedicated.DedicatedServer/]: LUFAER-ALT was slain by Spider
[15Apr2025 00:10:10.920] [Server thread/INFO] [tombstone/]: The player LUFAER-ALT has successfully been saved
[15Apr2025 00:28:44.654] [Server thread/INFO] [net.minecraft.server.dedicated.DedicatedServer/]: [LUFAER-ALT: Set own game mode to Creative Mode]
[15Apr2025 00:36:33.172] [Server thread/INFO] [net.minecraftforge.common.AdvancementLoadFix/]: Using new advancement loading for net.minecraft.server.PlayerAdvancements@6fa76161
[15Apr2025 00:36:33.178] [Server thread/INFO] [net.minecraft.server.players.PlayerList/]: elpierre1[/127.68.126.108:44883] logged in with entity id 3410 at (47.1881376437494, 28.922077042968205, -53.22631995319005)
[15Apr2025 00:36:33.183] [Server thread/INFO] [net.minecraft.server.dedicated.DedicatedServer/]: elpierre1 joined the game
[15Apr2025 00:36:33.206] [Server thread/INFO] [net.minecraft.server.dedicated.DedicatedServer/]: elpierre1 has reached the goal [Easter]
[15Apr2025 00:41:27.713] [Server thread/INFO] [net.minecraft.server.dedicated.DedicatedServer/]: elpierre1 has made the advancement [Diamonds!]
[15Apr2025 00:44:02.876] [Server thread/INFO] [net.minecraft.server.dedicated.DedicatedServer/]: elpierre1 has made the advancement [A Strange Grave Dust]
[15Apr2025 00:44:05.273] [Server thread/INFO] [net.minecraft.server.dedicated.DedicatedServer/]: elpierre1 has made the advancement [Knowledge of Death]
[15Apr2025 00:44:05.274] [Server thread/INFO] [net.minecraft.server.dedicated.DedicatedServer/]: elpierre1 has made the advancement [Easter Egg Searcher]
[15Apr2025 00:45:21.771] [Server thread/INFO] [net.minecraftforge.common.AdvancementLoadFix/]: Using new advancement loading for net.minecraft.server.PlayerAdvancements@13740b5e
[15Apr2025 00:45:21.776] [Server thread/INFO] [net.minecraft.server.players.PlayerList/]: Cato_MC[/127.110.1.185:60145] logged in with entity id 5032 at (-140.5, 68.0, -38.5)
[15Apr2025 00:45:21.779] [Server thread/INFO] [net.minecraft.server.dedicated.DedicatedServer/]: Cato_MC joined the game
[15Apr2025 00:45:21.820] [Server thread/INFO] [net.minecraft.server.dedicated.DedicatedServer/]: Cato_MC has reached the goal [Easter]
[15Apr2025 00:45:21.853] [Server thread/INFO] [net.minecraft.server.dedicated.DedicatedServer/]: Cato_MC has made the advancement [Ice and Fire]
[15Apr2025 00:45:34.760] [Server thread/INFO] [net.minecraft.server.dedicated.DedicatedServer/]: elpierre1 has made the advancement [Ambush]
[15Apr2025 00:46:56.920] [Server thread/INFO] [net.minecraft.server.network.ServerGamePacketListenerImpl/]: Cato_MC lost connection: Disconnected
[15Apr2025 00:46:56.921] [Server thread/INFO] [net.minecraft.server.dedicated.DedicatedServer/]: Cato_MC left the game
[15Apr2025 00:49:11.370] [Server thread/INFO] [net.minecraftforge.common.AdvancementLoadFix/]: Using new advancement loading for net.minecraft.server.PlayerAdvancements@39ef4fc8
[15Apr2025 00:49:11.376] [Server thread/INFO] [net.minecraft.server.players.PlayerList/]: Cato_MC[/127.110.1.185:40397] logged in with entity id 5628 at (-147.05088002388229, 69.0, -45.93021769168261)
[15Apr2025 00:49:11.380] [Server thread/INFO] [net.minecraft.server.dedicated.DedicatedServer/]: Cato_MC joined the game
[15Apr2025 00:49:22.620] [Server thread/INFO] [net.minecraft.server.network.ServerGamePacketListenerImpl/]: Cato_MC lost connection: Disconnected
[15Apr2025 00:49:22.620] [Server thread/INFO] [net.minecraft.server.dedicated.DedicatedServer/]: Cato_MC left the game
[15Apr2025 00:49:29.970] [Server thread/INFO] [net.minecraftforge.common.AdvancementLoadFix/]: Using new advancement loading for net.minecraft.server.PlayerAdvancements@63aeb768
[15Apr2025 00:49:29.972] [Server thread/INFO] [net.minecraft.server.players.PlayerList/]: XDEATHRAX[/127.172.18.48:60055] logged in with entity id 5687 at (-130.5, 68.0, -40.5)
[15Apr2025 00:49:29.975] [Server thread/INFO] [net.minecraft.server.dedicated.DedicatedServer/]: XDEATHRAX joined the game
[15Apr2025 00:49:30.008] [Server thread/INFO] [net.minecraft.server.dedicated.DedicatedServer/]: XDEATHRAX has reached the goal [Easter]
[15Apr2025 00:49:30.021] [Server thread/INFO] [net.minecraft.server.dedicated.DedicatedServer/]: XDEATHRAX has made the advancement [Ice and Fire]
[15Apr2025 00:50:07.320] [Server thread/INFO] [net.minecraft.server.dedicated.DedicatedServer/]: XDEATHRAX has made the advancement [Alex's Mobs]
[15Apr2025 00:50:15.709] [Server thread/WARN] [net.minecraft.server.level.ServerPlayerGameMode/]: Mismatch in destroy block pos: BlockPos{x=0, y=0, z=0} BlockPos{x=-136, y=67, z=-37}
[15Apr2025 00:51:29.734] [Server thread/INFO] [net.minecraft.server.dedicated.DedicatedServer/]: elpierre1 has made the advancement [Acquire Hardware]
[15Apr2025 00:52:26.673] [Server thread/INFO] [net.minecraft.server.dedicated.DedicatedServer/]: XDEATHRAX was shot by Skeleton
[15Apr2025 00:52:26.674] [Server thread/INFO] [net.minecraft.server.dedicated.DedicatedServer/]: XDEATHRAX has made the advancement [Your First Grave]
[15Apr2025 00:52:26.676] [Server thread/INFO] [tombstone/]: The player XDEATHRAX has successfully been saved
[15Apr2025 00:52:35.108] [Server thread/INFO] [net.minecraft.server.dedicated.DedicatedServer/]: XDEATHRAX has reached the goal [Here They Come]
[15Apr2025 00:53:10.344] [Server thread/INFO] [net.minecraft.server.dedicated.DedicatedServer/]: elpierre1 has made the advancement [Isn't It Iron Pick]
[15Apr2025 00:54:03.100] [Server thread/INFO] [net.minecraft.server.dedicated.DedicatedServer/]: elpierre1 has made the advancement [Suit Up]
[15Apr2025 00:54:22.874] [Server thread/INFO] [net.minecraft.server.dedicated.DedicatedServer/]: XDEATHRAX has made the advancement [Stone Age]
[15Apr2025 00:54:46.708] [Server thread/INFO] [net.minecraft.server.dedicated.DedicatedServer/]: XDEATHRAX has made the advancement [Monster Hunter]
[15Apr2025 00:55:19.478] [Server thread/INFO] [net.minecraft.server.dedicated.DedicatedServer/]: XDEATHRAX has made the advancement [Getting an Upgrade]
[15Apr2025 00:57:07.458] [Server thread/INFO] [net.minecraft.server.dedicated.DedicatedServer/]: XDEATHRAX has made the advancement [Knowledge of Death]
[15Apr2025 00:57:07.459] [Server thread/INFO] [net.minecraft.server.dedicated.DedicatedServer/]: XDEATHRAX has made the advancement [A Strange Grave Dust]
[15Apr2025 00:57:26.940] [Server thread/INFO] [net.minecraft.server.dedicated.DedicatedServer/]: XDEATHRAX has made the advancement [Magic Writing]
[15Apr2025 00:57:28.073] [Server thread/INFO] [net.minecraft.server.dedicated.DedicatedServer/]: XDEATHRAX has made the advancement [Acquire Hardware]
[15Apr2025 00:59:39.834] [Server thread/INFO] [net.minecraft.server.dedicated.DedicatedServer/]: Stopping the server
[15Apr2025 00:59:39.865] [Server thread/INFO] [net.minecraft.server.MinecraftServer/]: Stopping server
[15Apr2025 00:59:39.868] [Server thread/INFO] [net.minecraft.server.MinecraftServer/]: Saving players
[15Apr2025 00:59:39.882] [Server thread/INFO] [net.minecraft.server.network.ServerGamePacketListenerImpl/]: LUFAER-ALT lost connection: Server closed
[15Apr2025 00:59:39.882] [Server thread/INFO] [net.minecraft.server.dedicated.DedicatedServer/]: LUFAER-ALT left the game
[15Apr2025 00:59:39.885] [Server thread/INFO] [net.minecraft.server.MinecraftServer/]: Saving worlds
[15Apr2025 00:59:41.657] [Server thread/INFO] [net.minecraft.server.MinecraftServer/]: Saving chunks for level 'ServerLevel[world]'/minecraft:overworld
[15Apr2025 00:59:42.486] [Server thread/INFO] [net.minecraft.server.MinecraftServer/]: Saving chunks for level 'ServerLevel[world]'/minecraft:the_nether
[15Apr2025 00:59:42.487] [Server thread/INFO] [net.minecraft.server.MinecraftServer/]: Saving chunks for level 'ServerLevel[world]'/minecraft:the_end
[15Apr2025 00:59:42.503] [Server thread/INFO] [net.minecraft.server.MinecraftServer/]: ThreadedAnvilChunkStorage (world): All chunks are saved
[15Apr2025 00:59:42.503] [Server thread/INFO] [net.minecraft.server.MinecraftServer/]: ThreadedAnvilChunkStorage (DIM-1): All chunks are saved
[15Apr2025 00:59:42.503] [Server thread/INFO] [net.minecraft.server.MinecraftServer/]: ThreadedAnvilChunkStorage (DIM1): All chunks are saved
[15Apr2025 00:59:42.503] [Server thread/INFO] [net.minecraft.server.MinecraftServer/]: ThreadedAnvilChunkStorage: All dimensions are saved
